Warning[205] D:\2022\GRABADOR DE PIC\2022\PROGRMA SECUENCIAS\VER 1\ESTEBAN_CODIGOLEDS.ASM 1 : Found directive in column 1. (List)
Warning[205] D:\2022\GRABADOR DE PIC\2022\PROGRMA SECUENCIAS\VER 1\ESTEBAN_CODIGOLEDS.ASM 3 : Found directive in column 1. (__CONFIG)
Warning[205] D:\2022\GRABADOR DE PIC\2022\PROGRMA SECUENCIAS\VER 1\ESTEBAN_CODIGOLEDS.ASM 5 : Found directive in column 1. (CBLOCK)
Warning[205] D:\2022\GRABADOR DE PIC\2022\PROGRMA SECUENCIAS\VER 1\ESTEBAN_CODIGOLEDS.ASM 12 : Found directive in column 1. (ENDC)
Warning[205] D:\2022\GRABADOR DE PIC\2022\PROGRMA SECUENCIAS\VER 1\ESTEBAN_CODIGOLEDS.ASM 14 : Found directive in column 1. (ORG)
Warning[205] D:\2022\GRABADOR DE PIC\2022\PROGRMA SECUENCIAS\VER 1\ESTEBAN_CODIGOLEDS.ASM 17 : Found directive in column 1. (ORG)
Message[302] D:\2022\GRABADOR DE PIC\2022\PROGRMA SECUENCIAS\VER 1\ESTEBAN_CODIGOLEDS.ASM 25 : Register in operand not in bank 0.  Ensure that bank bits are correct.
Message[302] D:\2022\GRABADOR DE PIC\2022\PROGRMA SECUENCIAS\VER 1\ESTEBAN_CODIGOLEDS.ASM 26 : Register in operand not in bank 0.  Ensure that bank bits are correct.
Message[302] D:\2022\GRABADOR DE PIC\2022\PROGRMA SECUENCIAS\VER 1\ESTEBAN_CODIGOLEDS.ASM 27 : Register in operand not in bank 0.  Ensure that bank bits are correct.
Message[302] D:\2022\GRABADOR DE PIC\2022\PROGRMA SECUENCIAS\VER 1\ESTEBAN_CODIGOLEDS.ASM 28 : Register in operand not in bank 0.  Ensure that bank bits are correct.
Message[302] D:\2022\GRABADOR DE PIC\2022\PROGRMA SECUENCIAS\VER 1\ESTEBAN_CODIGOLEDS.ASM 29 : Register in operand not in bank 0.  Ensure that bank bits are correct.
Message[302] D:\2022\GRABADOR DE PIC\2022\PROGRMA SECUENCIAS\VER 1\ESTEBAN_CODIGOLEDS.ASM 31 : Register in operand not in bank 0.  Ensure that bank bits are correct.
Warning[207] D:\2022\GRABADOR DE PIC\2022\PROGRMA SECUENCIAS\VER 1\ESTEBAN_CODIGOLEDS.ASM 61 : Found label after column 1. (M0_Continue1)
Warning[207] D:\2022\GRABADOR DE PIC\2022\PROGRMA SECUENCIAS\VER 1\ESTEBAN_CODIGOLEDS.ASM 63 : Found label after column 1. (M0_Continue0)
Warning[207] D:\2022\GRABADOR DE PIC\2022\PROGRMA SECUENCIAS\VER 1\ESTEBAN_CODIGOLEDS.ASM 75 : Found label after column 1. (M0_Continue3)
Warning[207] D:\2022\GRABADOR DE PIC\2022\PROGRMA SECUENCIAS\VER 1\ESTEBAN_CODIGOLEDS.ASM 78 : Found label after column 1. (M0_Continue2)
Warning[207] D:\2022\GRABADOR DE PIC\2022\PROGRMA SECUENCIAS\VER 1\ESTEBAN_CODIGOLEDS.ASM 84 : Found label after column 1. (M0_Continue4)
Warning[207] D:\2022\GRABADOR DE PIC\2022\PROGRMA SECUENCIAS\VER 1\ESTEBAN_CODIGOLEDS.ASM 87 : Found label after column 1. (_ExtM0)
Message[305] D:\2022\GRABADOR DE PIC\2022\PROGRMA SECUENCIAS\VER 1\ESTEBAN_CODIGOLEDS.ASM 100 : Using default destination of 1 (file).
Warning[207] D:\2022\GRABADOR DE PIC\2022\PROGRMA SECUENCIAS\VER 1\ESTEBAN_CODIGOLEDS.ASM 102 : Found label after column 1. (M1_Continue1)
Warning[207] D:\2022\GRABADOR DE PIC\2022\PROGRMA SECUENCIAS\VER 1\ESTEBAN_CODIGOLEDS.ASM 104 : Found label after column 1. (M1_Continue0)
Message[305] D:\2022\GRABADOR DE PIC\2022\PROGRMA SECUENCIAS\VER 1\ESTEBAN_CODIGOLEDS.ASM 111 : Using default destination of 1 (file).
Warning[207] D:\2022\GRABADOR DE PIC\2022\PROGRMA SECUENCIAS\VER 1\ESTEBAN_CODIGOLEDS.ASM 114 : Found label after column 1. (Ciclo)
Warning[207] D:\2022\GRABADOR DE PIC\2022\PROGRMA SECUENCIAS\VER 1\ESTEBAN_CODIGOLEDS.ASM 119 : Found label after column 1. (Rotar)
Warning[207] D:\2022\GRABADOR DE PIC\2022\PROGRMA SECUENCIAS\VER 1\ESTEBAN_CODIGOLEDS.ASM 122 : Found label after column 1. (M1_Continue2)
Warning[207] D:\2022\GRABADOR DE PIC\2022\PROGRMA SECUENCIAS\VER 1\ESTEBAN_CODIGOLEDS.ASM 130 : Found label after column 1. (M1_Continue3)
Warning[207] D:\2022\GRABADOR DE PIC\2022\PROGRMA SECUENCIAS\VER 1\ESTEBAN_CODIGOLEDS.ASM 133 : Found label after column 1. (_ExtM1)
Warning[207] D:\2022\GRABADOR DE PIC\2022\PROGRMA SECUENCIAS\VER 1\ESTEBAN_CODIGOLEDS.ASM 138 : Found label after column 1. (_ExtM2)
Warning[207] D:\2022\GRABADOR DE PIC\2022\PROGRMA SECUENCIAS\VER 1\ESTEBAN_CODIGOLEDS.ASM 143 : Found label after column 1. (_ExtM3)
Warning[207] D:\2022\GRABADOR DE PIC\2022\PROGRMA SECUENCIAS\VER 1\ESTEBAN_CODIGOLEDS.ASM 149 : Found label after column 1. (_T0)
Warning[207] D:\2022\GRABADOR DE PIC\2022\PROGRMA SECUENCIAS\VER 1\ESTEBAN_CODIGOLEDS.ASM 158 : Found label after column 1. (T0Continue0)
Warning[207] D:\2022\GRABADOR DE PIC\2022\PROGRMA SECUENCIAS\VER 1\ESTEBAN_CODIGOLEDS.ASM 165 : Found label after column 1. (T0Continue1)
Warning[207] D:\2022\GRABADOR DE PIC\2022\PROGRMA SECUENCIAS\VER 1\ESTEBAN_CODIGOLEDS.ASM 172 : Found label after column 1. (T0Continue2)
Warning[207] D:\2022\GRABADOR DE PIC\2022\PROGRMA SECUENCIAS\VER 1\ESTEBAN_CODIGOLEDS.ASM 180 : Found label after column 1. (_ExtT0)
Warning[207] D:\2022\GRABADOR DE PIC\2022\PROGRMA SECUENCIAS\VER 1\ESTEBAN_CODIGOLEDS.ASM 183 : Found label after column 1. (_X0)
Message[305] D:\2022\GRABADOR DE PIC\2022\PROGRMA SECUENCIAS\VER 1\ESTEBAN_CODIGOLEDS.ASM 189 : Using default destination of 1 (file).
Warning[207] D:\2022\GRABADOR DE PIC\2022\PROGRMA SECUENCIAS\VER 1\ESTEBAN_CODIGOLEDS.ASM 191 : Found label after column 1. (X0Continue0)
Warning[207] D:\2022\GRABADOR DE PIC\2022\PROGRMA SECUENCIAS\VER 1\ESTEBAN_CODIGOLEDS.ASM 193 : Found label after column 1. (_ExtX0)
Warning[205] D:\2022\GRABADOR DE PIC\2022\PROGRMA SECUENCIAS\VER 1\ESTEBAN_CODIGOLEDS.ASM 197 : Found directive in column 1. (end)
